0 info it worked if it ends with ok
1 verbose cli [ '/Users/briansipple/.nvm/versions/node/v6.9.1/bin/node',
1 verbose cli   '/Users/briansipple/.nvm/versions/node/v6.9.1/bin/npm',
1 verbose cli   'run',
1 verbose cli   'release' ]
2 info using npm@3.10.8
3 info using node@v6.9.1
4 verbose run-script [ 'prerelease', 'release', 'postrelease' ]
5 info lifecycle ticketfly-css-reset-garnishes@0.2.0~prerelease: ticketfly-css-reset-garnishes@0.2.0
6 silly lifecycle ticketfly-css-reset-garnishes@0.2.0~prerelease: no script for prerelease, continuing
7 info lifecycle ticketfly-css-reset-garnishes@0.2.0~release: ticketfly-css-reset-garnishes@0.2.0
8 verbose lifecycle ticketfly-css-reset-garnishes@0.2.0~release: unsafe-perm in lifecycle true
9 verbose lifecycle ticketfly-css-reset-garnishes@0.2.0~release: PATH: /Users/briansipple/.nvm/versions/node/v6.9.1/lib/node_modules/npm/bin/node-gyp-bin:/Users/briansipple/Ticketfly/Ticketfly-UI/ticketfly-css/modules/garnishes/reset/node_modules/.bin:/Users/briansipple/.nvm/versions/node/v6.9.1/bin:/usr/local/bin:/usr/local/sbin:/Users/briansipple/.nvm/bin:/Applications/Postgres.app/Contents/Versions/latest/bin:/usr/bin:/bin:/usr/sbin:/sbin:/usr/local/munki
10 verbose lifecycle ticketfly-css-reset-garnishes@0.2.0~release: CWD: /Users/briansipple/Ticketfly/Ticketfly-UI/ticketfly-css/modules/garnishes/reset
11 silly lifecycle ticketfly-css-reset-garnishes@0.2.0~release: Args: [ '-c', 'npmpub' ]
12 silly lifecycle ticketfly-css-reset-garnishes@0.2.0~release: Returned: code: 1  signal: null
13 info lifecycle ticketfly-css-reset-garnishes@0.2.0~release: Failed to exec release script
14 verbose stack Error: ticketfly-css-reset-garnishes@0.2.0 release: `npmpub`
14 verbose stack Exit status 1
14 verbose stack     at EventEmitter.<anonymous> (/Users/briansipple/.nvm/versions/node/v6.9.1/lib/node_modules/npm/lib/utils/lifecycle.js:255:16)
14 verbose stack     at emitTwo (events.js:106:13)
14 verbose stack     at EventEmitter.emit (events.js:191:7)
14 verbose stack     at ChildProcess.<anonymous> (/Users/briansipple/.nvm/versions/node/v6.9.1/lib/node_modules/npm/lib/utils/spawn.js:40:14)
14 verbose stack     at emitTwo (events.js:106:13)
14 verbose stack     at ChildProcess.emit (events.js:191:7)
14 verbose stack     at maybeClose (internal/child_process.js:877:16)
14 verbose stack     at Process.ChildProcess._handle.onexit (internal/child_process.js:226:5)
15 verbose pkgid ticketfly-css-reset-garnishes@0.2.0
16 verbose cwd /Users/briansipple/Ticketfly/Ticketfly-UI/ticketfly-css/modules/garnishes/reset
17 error Darwin 14.5.0
18 error argv "/Users/briansipple/.nvm/versions/node/v6.9.1/bin/node" "/Users/briansipple/.nvm/versions/node/v6.9.1/bin/npm" "run" "release"
19 error node v6.9.1
20 error npm  v3.10.8
21 error code ELIFECYCLE
22 error ticketfly-css-reset-garnishes@0.2.0 release: `npmpub`
22 error Exit status 1
23 error Failed at the ticketfly-css-reset-garnishes@0.2.0 release script 'npmpub'.
23 error Make sure you have the latest version of node.js and npm installed.
23 error If you do, this is most likely a problem with the ticketfly-css-reset-garnishes package,
23 error not with npm itself.
23 error Tell the author that this fails on your system:
23 error     npmpub
23 error You can get information on how to open an issue for this project with:
23 error     npm bugs ticketfly-css-reset-garnishes
23 error Or if that isn't available, you can get their info via:
23 error     npm owner ls ticketfly-css-reset-garnishes
23 error There is likely additional logging output above.
24 verbose exit [ 1, true ]
